mode: set
github.com/bubaew95/yandex-diplom-2/config/config.go:15.25,22.58 6 0
github.com/bubaew95/yandex-diplom-2/config/config.go:22.58,24.3 1 0
github.com/bubaew95/yandex-diplom-2/config/config.go:26.2,26.71 1 0
github.com/bubaew95/yandex-diplom-2/config/config.go:26.71,28.3 1 0
github.com/bubaew95/yandex-diplom-2/config/config.go:30.2,30.68 1 0
github.com/bubaew95/yandex-diplom-2/config/config.go:30.68,32.3 1 0
github.com/bubaew95/yandex-diplom-2/config/config.go:34.2,34.46 1 0
github.com/bubaew95/yandex-diplom-2/config/config.go:34.46,36.3 1 0
github.com/bubaew95/yandex-diplom-2/config/config.go:38.2,43.3 1 0
github.com/bubaew95/yandex-diplom-2/cmd/server/main.go:20.13,21.38 1 0
github.com/bubaew95/yandex-diplom-2/cmd/server/main.go:21.38,23.3 1 0
github.com/bubaew95/yandex-diplom-2/cmd/server/main.go:25.2,25.40 1 0
github.com/bubaew95/yandex-diplom-2/cmd/server/main.go:25.40,27.3 1 0
github.com/bubaew95/yandex-diplom-2/cmd/server/main.go:30.13,36.16 4 0
github.com/bubaew95/yandex-diplom-2/cmd/server/main.go:36.16,38.3 1 0
github.com/bubaew95/yandex-diplom-2/cmd/server/main.go:40.2,41.16 2 0
github.com/bubaew95/yandex-diplom-2/cmd/server/main.go:41.16,43.3 1 0
github.com/bubaew95/yandex-diplom-2/cmd/server/main.go:45.2,48.44 3 0
github.com/bubaew95/yandex-diplom-2/cmd/server/main.go:48.44,52.30 3 0
github.com/bubaew95/yandex-diplom-2/cmd/server/main.go:52.30,54.4 1 0
github.com/bubaew95/yandex-diplom-2/cmd/server/main.go:57.2,64.15 6 0
github.com/bubaew95/yandex-diplom-2/internal/application/server/service/service.go:21.62,23.2 1 0
github.com/bubaew95/yandex-diplom-2/internal/application/server/service/service.go:25.113,26.32 1 0
github.com/bubaew95/yandex-diplom-2/internal/application/server/service/service.go:26.32,33.3 1 0
github.com/bubaew95/yandex-diplom-2/internal/application/server/service/service.go:35.2,36.16 2 0
github.com/bubaew95/yandex-diplom-2/internal/application/server/service/service.go:36.16,43.3 1 0
github.com/bubaew95/yandex-diplom-2/internal/application/server/service/service.go:45.2,46.31 2 0
github.com/bubaew95/yandex-diplom-2/internal/application/server/model/errors.go:10.39,12.2 1 0
github.com/bubaew95/yandex-diplom-2/internal/application/server/repository/postgres.go:19.61,21.2 1 0
github.com/bubaew95/yandex-diplom-2/internal/application/server/repository/postgres.go:23.117,25.16 2 0
github.com/bubaew95/yandex-diplom-2/internal/application/server/repository/postgres.go:25.16,27.3 1 0
github.com/bubaew95/yandex-diplom-2/internal/application/server/repository/postgres.go:29.2,29.12 1 0
github.com/bubaew95/yandex-diplom-2/internal/application/server/repository/postgres.go:29.12,36.3 1 0
github.com/bubaew95/yandex-diplom-2/internal/application/server/repository/postgres.go:38.2,41.38 4 0
github.com/bubaew95/yandex-diplom-2/internal/application/server/repository/postgres.go:41.38,47.3 1 0
github.com/bubaew95/yandex-diplom-2/internal/application/server/repository/postgres.go:49.2,59.8 2 0
github.com/bubaew95/yandex-diplom-2/internal/application/server/repository/postgres.go:62.86,66.38 3 0
github.com/bubaew95/yandex-diplom-2/internal/application/server/repository/postgres.go:66.38,67.36 1 0
github.com/bubaew95/yandex-diplom-2/internal/application/server/repository/postgres.go:67.36,70.4 2 0
github.com/bubaew95/yandex-diplom-2/internal/application/server/repository/postgres.go:72.3,78.4 2 0
github.com/bubaew95/yandex-diplom-2/internal/application/server/repository/postgres.go:81.2,81.18 1 0
github.com/bubaew95/yandex-diplom-2/internal/infra/database/database.go:12.49,14.16 2 0
github.com/bubaew95/yandex-diplom-2/internal/infra/database/database.go:14.16,16.3 1 0
github.com/bubaew95/yandex-diplom-2/internal/infra/database/database.go:18.2,18.27 1 0
github.com/bubaew95/yandex-diplom-2/internal/infra/database/database.go:21.51,23.16 2 0
github.com/bubaew95/yandex-diplom-2/internal/infra/database/database.go:23.16,25.3 1 0
github.com/bubaew95/yandex-diplom-2/internal/infra/database/database.go:31.2,31.34 1 0
github.com/bubaew95/yandex-diplom-2/internal/infra/database/database.go:31.34,33.3 1 0
github.com/bubaew95/yandex-diplom-2/internal/infra/database/database.go:35.2,35.16 1 0
github.com/bubaew95/yandex-diplom-2/internal/infra/database/database.go:38.33,40.2 1 0
github.com/bubaew95/yandex-diplom-2/internal/infra/http/http.go:25.58,33.2 1 0
github.com/bubaew95/yandex-diplom-2/internal/infra/http/http.go:35.30,39.12 3 0
github.com/bubaew95/yandex-diplom-2/internal/infra/http/http.go:39.12,40.92 1 0
github.com/bubaew95/yandex-diplom-2/internal/infra/http/http.go:40.92,42.4 1 0
github.com/bubaew95/yandex-diplom-2/internal/infra/http/http.go:45.2,45.9 1 0
github.com/bubaew95/yandex-diplom-2/internal/infra/http/http.go:46.27,47.27 1 0
github.com/bubaew95/yandex-diplom-2/internal/infra/http/http.go:51.29,56.47 4 0
github.com/bubaew95/yandex-diplom-2/internal/infra/http/http.go:56.47,58.3 1 0
github.com/bubaew95/yandex-diplom-2/pkg/response/response.go:9.71,12.17 3 0
github.com/bubaew95/yandex-diplom-2/pkg/response/response.go:12.17,13.57 1 0
github.com/bubaew95/yandex-diplom-2/pkg/response/response.go:13.57,15.4 1 0
github.com/bubaew95/yandex-diplom-2/internal/logger/zap.go:10.19,16.16 4 0
github.com/bubaew95/yandex-diplom-2/internal/logger/zap.go:16.16,18.3 1 0
github.com/bubaew95/yandex-diplom-2/internal/logger/zap.go:20.2,21.12 2 0
github.com/bubaew95/yandex-diplom-2/pkg/crypto/crypto.go:22.48,24.16 2 0
github.com/bubaew95/yandex-diplom-2/pkg/crypto/crypto.go:24.16,26.3 1 0
github.com/bubaew95/yandex-diplom-2/pkg/crypto/crypto.go:28.2,29.16 2 0
github.com/bubaew95/yandex-diplom-2/pkg/crypto/crypto.go:29.16,31.3 1 0
github.com/bubaew95/yandex-diplom-2/pkg/crypto/crypto.go:33.2,34.16 2 0
github.com/bubaew95/yandex-diplom-2/pkg/crypto/crypto.go:34.16,36.3 1 0
github.com/bubaew95/yandex-diplom-2/pkg/crypto/crypto.go:38.2,38.31 1 0
github.com/bubaew95/yandex-diplom-2/pkg/crypto/crypto.go:42.48,44.16 2 0
github.com/bubaew95/yandex-diplom-2/pkg/crypto/crypto.go:44.16,46.3 1 0
github.com/bubaew95/yandex-diplom-2/pkg/crypto/crypto.go:48.2,49.36 2 0
github.com/bubaew95/yandex-diplom-2/pkg/crypto/crypto.go:52.44,55.16 3 0
github.com/bubaew95/yandex-diplom-2/pkg/crypto/crypto.go:55.16,57.3 1 0
github.com/bubaew95/yandex-diplom-2/pkg/crypto/crypto.go:59.2,60.16 2 0
github.com/bubaew95/yandex-diplom-2/pkg/crypto/crypto.go:60.16,62.3 1 0
github.com/bubaew95/yandex-diplom-2/pkg/crypto/crypto.go:64.2,65.27 2 0
github.com/bubaew95/yandex-diplom-2/internal/application/server/handlers/handlers.go:25.66,27.2 1 1
github.com/bubaew95/yandex-diplom-2/internal/application/server/handlers/handlers.go:29.65,31.2 1 0
github.com/bubaew95/yandex-diplom-2/internal/application/server/handlers/handlers.go:33.68,35.73 2 1
github.com/bubaew95/yandex-diplom-2/internal/application/server/handlers/handlers.go:35.73,38.3 2 0
github.com/bubaew95/yandex-diplom-2/internal/application/server/handlers/handlers.go:39.2,41.16 3 1
github.com/bubaew95/yandex-diplom-2/internal/application/server/handlers/handlers.go:41.16,45.3 3 0
github.com/bubaew95/yandex-diplom-2/internal/application/server/handlers/handlers.go:47.2,47.53 1 1
github.com/bubaew95/yandex-diplom-2/internal/application/server/handlers/handlers.go:50.65,52.2 0 0
